This is pdfTeX, Version 3.14159265-2.6-1.40.15 (TeX Live 2014/MacPorts 2014_3) (preloaded format=pdflatex 2014.9.4)  20 JAN 2015 13:51
entering extended mode
 restricted \write18 enabled.
 file:line:error style messages enabled.
 %&-line parsing enabled.
**aasguide.tex
(./aasguide.tex
LaTeX2e <2014/05/01>
Babel <3.9k> and hyphenation patterns for 43 languages loaded.
File: aasguide.tex 2005/06/22 5.2/AAS markup document class
(./aastex.cls
Document Class: aastex 2005/06/22 5.2/AAS markup document class
Class aastex Info: Original \LaTeX2.09 style by Chris Biemesderfer (chris@seago
at.com). Adapted to \LaTeXe by A. Ogawa (ogawa@teleport.com) on input line 83.
(/opt/local/share/texmf-texlive/tex/latex/base/article.cls
Document Class: article 2007/10/19 v1.4h Standard LaTeX document class
(/opt/local/share/texmf-texlive/tex/latex/base/size10.clo
File: size10.clo 2007/10/19 v1.4h Standard LaTeX file (size option)
)
\c@part=\count79
\c@section=\count80
\c@subsection=\count81
\c@subsubsection=\count82
\c@paragraph=\count83
\c@subparagraph=\count84
\c@figure=\count85
\c@table=\count86
\abovecaptionskip=\skip41
\belowcaptionskip=\skip42
\bibindent=\dimen102
)
(/opt/local/share/texmf-texlive/tex/latex/base/latexsym.sty
Package: latexsym 1998/08/17 v2.2e Standard LaTeX package (lasy symbols)
\symlasy=\mathgroup4
LaTeX Font Info:    Overwriting symbol font `lasy' in version `bold'
(Font)                  U/lasy/m/n --> U/lasy/b/n on input line 47.
)
(/opt/local/share/texmf-texlive/tex/latex/graphics/graphicx.sty
Package: graphicx 2014/04/25 v1.0g Enhanced LaTeX Graphics (DPC,SPQR)

(/opt/local/share/texmf-texlive/tex/latex/graphics/keyval.sty
Package: keyval 2014/05/08 v1.15 key=value parser (DPC)
\KV@toks@=\toks14
)
(/opt/local/share/texmf-texlive/tex/latex/graphics/graphics.sty
Package: graphics 2009/02/05 v1.0o Standard LaTeX Graphics (DPC,SPQR)

(/opt/local/share/texmf-texlive/tex/latex/graphics/trig.sty
Package: trig 1999/03/16 v1.09 sin cos tan (DPC)
)
(/opt/local/share/texmf-texlive/tex/latex/latexconfig/graphics.cfg
File: graphics.cfg 2010/04/23 v1.9 graphics configuration of TeX Live
)
Package graphics Info: Driver file: pdftex.def on input line 91.

(/opt/local/share/texmf-texlive/tex/latex/pdftex-def/pdftex.def
File: pdftex.def 2011/05/27 v0.06d Graphics/color for pdfTeX

(/opt/local/share/texmf-texlive/tex/generic/oberdiek/infwarerr.sty
Package: infwarerr 2010/04/08 v1.3 Providing info/warning/error messages (HO)
)
(/opt/local/share/texmf-texlive/tex/generic/oberdiek/ltxcmds.sty
Package: ltxcmds 2011/11/09 v1.22 LaTeX kernel commands for general use (HO)
)
\Gread@gobject=\count87
))
\Gin@req@height=\dimen103
\Gin@req@width=\dimen104
)
(/opt/local/share/texmf-texlive/tex/latex/amsfonts/amssymb.sty
Package: amssymb 2013/01/14 v3.01 AMS font symbols

(/opt/local/share/texmf-texlive/tex/latex/amsfonts/amsfonts.sty
Package: amsfonts 2013/01/14 v3.01 Basic AMSFonts support
\@emptytoks=\toks15
\symAMSa=\mathgroup5
\symAMSb=\mathgroup6
LaTeX Font Info:    Overwriting math alphabet `\mathfrak' in version `bold'
(Font)                  U/euf/m/n --> U/euf/b/n on input line 106.
)) (./natbib.sty
Package: natbib 2003/06/06 7.1 (PWD)
\bibhang=\skip43
\bibsep=\skip44
LaTeX Info: Redefining \cite on input line 518.
\c@NAT@ctr=\count88
) (/opt/local/share/texmf-texlive/tex/latex/tools/verbatim.sty
Package: verbatim 2003/08/22 v1.5q LaTeX2e package for verbatim enhancements
\every@verbatim=\toks16
\verbatim@line=\toks17
\verbatim@in@stream=\read1
)
\@slugcmmntwidth=\dimen105
\abstract@box=\box26
\c@editornote=\count89
\c@cureqno=\count90
\tnotemarkskip=\skip45
\@abovenoteskip=\dimen106
\pt@box=\box27
\pt@width=\dimen107
\pt@line=\count91
\pt@column=\count92
\pt@nlines=\count93
\pt@ncol=\count94
\pt@page=\count95
\tabbaseskip=\dimen108
\pt@tmpcapwidth=\dimen109
\spew@tblnotesbox=\box28
\restof@tblnotesbox=\box29
\noteheight=\dimen110
\pt@tabnoteminht=\dimen111
\firsttabskip=\dimen112
\captionbox=\box30
\pt@reduceline=\dimen113
\extra@vspace=\dimen114
\c@plate=\count96
\my@footins=\box31
)
\@indexfile=\write3
\openout3 = `aasguide.idx'.


Writing index file aasguide.idx
(/opt/local/share/texmf-texlive/tex/latex/base/shortvrb.sty
Package: shortvrb 2010/02/04 v2.1e Standard LaTeX documentation package (FMi)
)
Package shortvrb Info: Made | a short reference for \verb on input line 113.

No file aasguide.aux.
\openout1 = `aasguide.aux'.

LaTeX Font Info:    Checking defaults for OML/cmm/m/it on input line 156.
LaTeX Font Info:    ... okay on input line 156.
LaTeX Font Info:    Checking defaults for T1/cmr/m/n on input line 156.
LaTeX Font Info:    ... okay on input line 156.
LaTeX Font Info:    Checking defaults for OT1/cmr/m/n on input line 156.
LaTeX Font Info:    ... okay on input line 156.
LaTeX Font Info:    Checking defaults for OMS/cmsy/m/n on input line 156.
LaTeX Font Info:    ... okay on input line 156.
LaTeX Font Info:    Checking defaults for OMX/cmex/m/n on input line 156.
LaTeX Font Info:    ... okay on input line 156.
LaTeX Font Info:    Checking defaults for U/cmr/m/n on input line 156.
LaTeX Font Info:    ... okay on input line 156.
(/opt/local/share/texmf-texlive/tex/context/base/supp-pdf.mkii
[Loading MPS to PDF converter (version 2006.09.02).]
\scratchcounter=\count97
\scratchdimen=\dimen115
\scratchbox=\box32
\nofMPsegments=\count98
\nofMParguments=\count99
\everyMPshowfont=\toks18
\MPscratchCnt=\count100
\MPscratchDim=\dimen116
\MPnumerator=\count101
\makeMPintoPDFobject=\count102
\everyMPtoPDFconversion=\toks19
) (/opt/local/share/texmf-texlive/tex/generic/oberdiek/pdftexcmds.sty
Package: pdftexcmds 2011/11/29 v0.20 Utility functions of pdfTeX for LuaTeX (HO
)

(/opt/local/share/texmf-texlive/tex/generic/oberdiek/ifluatex.sty
Package: ifluatex 2010/03/01 v1.3 Provides the ifluatex switch (HO)
Package ifluatex Info: LuaTeX not detected.
)
(/opt/local/share/texmf-texlive/tex/generic/oberdiek/ifpdf.sty
Package: ifpdf 2011/01/30 v2.3 Provides the ifpdf switch (HO)
Package ifpdf Info: pdfTeX in PDF mode is detected.
)
Package pdftexcmds Info: LuaTeX not detected.
Package pdftexcmds Info: \pdf@primitive is available.
Package pdftexcmds Info: \pdf@ifprimitive is available.
Package pdftexcmds Info: \pdfdraftmode found.
)
(/opt/local/share/texmf-texlive/tex/latex/oberdiek/epstopdf-base.sty
Package: epstopdf-base 2010/02/09 v2.5 Base part for package epstopdf

(/opt/local/share/texmf-texlive/tex/latex/oberdiek/grfext.sty
Package: grfext 2010/08/19 v1.1 Manage graphics extensions (HO)

(/opt/local/share/texmf-texlive/tex/generic/oberdiek/kvdefinekeys.sty
Package: kvdefinekeys 2011/04/07 v1.3 Define keys (HO)
))
(/opt/local/share/texmf-texlive/tex/latex/oberdiek/kvoptions.sty
Package: kvoptions 2011/06/30 v3.11 Key value format for package options (HO)

(/opt/local/share/texmf-texlive/tex/generic/oberdiek/kvsetkeys.sty
Package: kvsetkeys 2012/04/25 v1.16 Key value parser (HO)

(/opt/local/share/texmf-texlive/tex/generic/oberdiek/etexcmds.sty
Package: etexcmds 2011/02/16 v1.5 Avoid name clashes with e-TeX commands (HO)
Package etexcmds Info: Could not find \expanded.
(etexcmds)             That can mean that you are not using pdfTeX 1.50 or
(etexcmds)             that some package has redefined \expanded.
(etexcmds)             In the latter case, load this package earlier.
)))
Package grfext Info: Graphics extension search list:
(grfext)             [.png,.pdf,.jpg,.mps,.jpeg,.jbig2,.jb2,.PNG,.PDF,.JPG,.JPE
G,.JBIG2,.JB2,.eps]
(grfext)             \AppendGraphicsExtensions on input line 452.

(/opt/local/share/texmf-texlive/tex/latex/latexconfig/epstopdf-sys.cfg
File: epstopdf-sys.cfg 2010/07/13 v1.3 Configuration of (r)epstopdf for TeX Liv
e
))
AAS 2-column preprint substyle, v5.2 <12 Dec 2003>.
No file aasguide.toc.
\tf@toc=\write4
\openout4 = `aasguide.toc'.

LaTeX Font Info:    Try loading font information for OMS+cmr on input line 219.

(/opt/local/share/texmf-texlive/tex/latex/base/omscmr.fd
File: omscmr.fd 1999/05/25 v2.5h Standard LaTeX font definitions
)
LaTeX Font Info:    Font shape `OMS/cmr/m/n' in size <10> not available
(Font)              Font shape `OMS/cmsy/m/n' tried instead on input line 219.


LaTeX Warning: Reference `styles' on page 1 undefined on input line 219.


Underfull \hbox (badness 1231) in paragraph at lines 246--253
[]\OT1/cmtt/m/n/10 \lower\OT1/cmr/m/n/10 , []\OT1/cmtt/m/n/10 \rlap\OT1/cmr/m/n
/10 , []\OT1/cmtt/m/n/10 \kern\OT1/cmr/m/n/10 , []\OT1/cmtt/m/n/10 \lineskip\OT
1/cmr/m/n/10 ,
 []


Overfull \hbox (19.63307pt too wide) in paragraph at lines 246--253
[]\OT1/cmtt/m/n/10 \char\OT1/cmr/m/n/10 , []\OT1/cmtt/m/n/10 \mathchar\OT1/cmr/
m/n/10 , []\OT1/cmtt/m/n/10 \mathcode\OT1/cmr/m/n/10 , []\OT1/cmtt/m/n/10 \buil
dref\OT1/cmr/m/n/10 ,
 []

[1{/opt/local/var/db/texmf/fonts/map/pdftex/updmap/pdftex.map}


]
LaTeX Font Info:    Try loading font information for U+lasy on input line 296.

(/opt/local/share/texmf-texlive/tex/latex/base/ulasy.fd
File: ulasy.fd 1998/08/17 v2.2e LaTeX symbol font definitions
)
LaTeX Font Info:    Try loading font information for U+msa on input line 296.

(/opt/local/share/texmf-texlive/tex/latex/amsfonts/umsa.fd
File: umsa.fd 2013/01/14 v3.01 AMS symbols A
)
LaTeX Font Info:    Try loading font information for U+msb on input line 296.

(/opt/local/share/texmf-texlive/tex/latex/amsfonts/umsb.fd
File: umsb.fd 2013/01/14 v3.01 AMS symbols B
)
Overfull \hbox (17.96791pt too wide) in paragraph at lines 296--303
[][] 
 []


Underfull \hbox (badness 1052) in paragraph at lines 369--378
\OT1/cmr/m/n/10 mand should be fol-lowed by a cor-re-spond-ing
 []

[2]
Overfull \hbox (26.46138pt too wide) in paragraph at lines 435--439
\OT1/cmr/m/n/10 the [] for the cor-re-spond-ing []\OT1/cmtt/m/n/10 \altaffiltex
t\OT1/cmr/m/n/10 . 
 []


Underfull \hbox (badness 1320) in paragraph at lines 440--448
\OT1/cmr/m/n/10 com-mand with af-fil-i-a-tions spec-i-fied us-ing the
 []


Overfull \hbox (0.53748pt too wide) in paragraph at lines 465--465
[]\OT1/cmtt/m/n/9 \documentclass[preprint2,longabstract]{aastex}[] 
 []

[3]
Underfull \hbox (badness 1946) in paragraph at lines 535--539
[]\OT1/cmr/m/n/10 When used in the \OT1/cmtt/m/n/10 manuscript \OT1/cmr/m/n/10 
style, the
 []


Underfull \hbox (badness 10000) in paragraph at lines 576--582
[]\OT1/cmtt/m/n/10 facility{MMT(Blue channel spectrograph)}\OT1/cmr/m/n/10 .
 []

[4]

LaTeX Warning: Reference `styles' on page 5 undefined on input line 689.


Package natbib Warning: Citation `Abt90' on page 5 undefined on input line 703.


[5]

Package natbib Warning: Citation `Daly98' on page 6 undefined on input line 746
.


Underfull \hbox (badness 1888) in paragraph at lines 746--751
\OT1/cmr/m/n/10 implements La-TeX's []\OT1/cmtt/m/n/10 cite \OT1/cmr/m/n/10 com
-mand, of-fer-ing
 []


LaTeX Warning: Reference `refenv' on page 6 undefined on input line 817.


Package natbib Warning: Citation `PLRM' on page 6 undefined on input line 932.


Underfull \hbox (badness 1584) in paragraph at lines 929--937
\OT1/cmr/m/n/10 ap-pro-pri-ate DVI trans-la-tor, one that tar-gets
 []

[6]
Overfull \hbox (3.8844pt too wide) in paragraph at lines 987--988
[]\OT1/cmr/m/n/10 Authors are strongly en-cour-aged to use []\OT1/cmtt/m/n/10 p
lotone\OT1/cmr/m/n/10 ,
 []

[7]
Overfull \hbox (0.63414pt too wide) in paragraph at lines 1047--1053
[]\OT1/cmr/m/n/10 Authors are en-cour-aged to use the \OT1/cmtt/m/n/10 deluxeta
ble
 []


Overfull \hbox (3.13412pt too wide) in paragraph at lines 1076--1080
[]\OT1/cmr/m/n/10 There are sev-eral com-mands in the \OT1/cmtt/m/n/10 deluxeta
ble
 []


Underfull \hbox (badness 1394) in paragraph at lines 1107--1117
[]\OT1/cmr/m/n/10 The width of a delux-etable is de-fined by
 []


Underfull \hbox (badness 3612) in paragraph at lines 1118--1129
\OT1/cmr/m/n/10 num-ber-ing within the \OT1/cmtt/m/n/10 deluxetable \OT1/cmr/m/
n/10 en-vi-ron-
 []


LaTeX Warning: Reference `tabendnotes' on page 8 undefined on input line 1135.


Overfull \hbox (3.66202pt too wide) in paragraph at lines 1143--1153
[]\OT1/cmr/m/n/10 Column head-ings are spec-i-fied with []\OT1/cmtt/m/n/10 \tab
lehead\OT1/cmr/m/n/10 .
 []

[8]

Package natbib Warning: Citation `Lamport' on page 9 undefined on input line 11
71.


Package natbib Warning: Citation `Kopka99' on page 9 undefined on input line 11
71.


Overfull \hbox (56.1463pt too wide) in paragraph at lines 1210--1219
[][] 
 []


Underfull \hbox (badness 1838) in paragraph at lines 1259--1267
[]\OT1/cmr/m/n/10 Within the []\OT1/cmtt/m/n/10 deluxetable \OT1/cmr/m/n/10 bod
y, two kinds
 []


Underfull \hbox (badness 1117) in paragraph at lines 1259--1267
\OT1/cmr/m/n/10 of spe-cial heads are al-lowed, []\OT1/cmtt/m/n/10 cutinhead \O
T1/cmr/m/n/10 and
 []


LaTeX Warning: Reference `tabendnotes' on page 9 undefined on input line 1276.


Underfull \hbox (badness 1735) in paragraph at lines 1274--1277
[]\OT1/cmr/m/n/10 Table foot-notes (more prop-erly, ta-ble \OT1/cmr/m/it/10 end

 []

[9]
Underfull \hbox (badness 1406) in paragraph at lines 1306--1307
[]\OT1/cmr/m/n/10 The ta-ble body should ap-pear within the
 []


Package natbib Warning: Citation `Lamport' on page 10 undefined on input line 1
315.


Underfull \hbox (badness 1762) in paragraph at lines 1365--1370
[]\OT1/cmr/m/n/10 Sometimes au-thors tab-u-late ma-te-ri-als that
 []


Underfull \hbox (badness 4608) in paragraph at lines 1376--1381
\OT1/cmr/m/n/10 The []\OT1/cmtt/m/n/10 \tablenotetext\OT1/cmr/m/n/10 , []\OT1/c
mtt/m/n/10 \tablecomments\OT1/cmr/m/n/10 , and
 []

[10] [11] [12]
Overfull \hbox (2.01393pt too wide) in paragraph at lines 1633--1637
[]\OT1/cmr/m/n/10 Two preprint styles are avail-able. The \OT1/cmtt/m/n/10 prep
rint
 []


Underfull \hbox (badness 2393) in paragraph at lines 1682--1686
\OT1/cmr/m/n/10 aware, how-ever, that us-ing ex-plicit column-
 []

[13]

Package natbib Warning: Citation `Kopka99' on page 14 undefined on input line 1
754.


Package natbib Warning: Citation `Lamport' on page 14 undefined on input line 1
754.


Package natbib Warning: Citation `Knuth' on page 14 undefined on input line 175
7.


Package natbib Warning: Citation `Swanson' on page 14 undefined on input line 1
760.


Underfull \hbox (badness 1057) in paragraph at lines 1779--1782
\OT1/cmr/m/n/10 Ref-er-ence Man-ual (Read-ing, MA: Addison-
 []


Package natbib Warning: There were undefined citations.

[14] (./aasguide.aux

Package natbib Warning: Citation(s) may have changed.
(natbib)                Rerun to get citations correct.

)

LaTeX Warning: There were undefined references.


LaTeX Warning: Label(s) may have changed. Rerun to get cross-references right.

 ) 
Here is how much of TeX's memory you used:
 2699 strings out of 494213
 34642 string characters out of 6157464
 97847 words of memory out of 5000000
 5952 multiletter control sequences out of 15000+600000
 11375 words of font info for 48 fonts, out of 8000000 for 9000
 431 hyphenation exceptions out of 8191
 38i,10n,28p,390b,339s stack positions out of 5000i,500n,10000p,200000b,80000s
</opt/local/share/texmf-texlive/fonts/type1/public/amsfonts/cm/cmbx10.pfb></o
pt/local/share/texmf-texlive/fonts/type1/public/amsfonts/cm/cmbx12.pfb></opt/lo
cal/share/texmf-texlive/fonts/type1/public/amsfonts/cm/cmitt10.pfb></opt/local/
share/texmf-texlive/fonts/type1/public/amsfonts/cm/cmmi10.pfb></opt/local/share
/texmf-texlive/fonts/type1/public/amsfonts/cm/cmmi7.pfb></opt/local/share/texmf
-texlive/fonts/type1/public/amsfonts/cm/cmr10.pfb></opt/local/share/texmf-texli
ve/fonts/type1/public/amsfonts/cm/cmr7.pfb></opt/local/share/texmf-texlive/font
s/type1/public/amsfonts/cm/cmr8.pfb></opt/local/share/texmf-texlive/fonts/type1
/public/amsfonts/cm/cmr9.pfb></opt/local/share/texmf-texlive/fonts/type1/public
/amsfonts/cm/cmsy10.pfb></opt/local/share/texmf-texlive/fonts/type1/public/amsf
onts/cm/cmti10.pfb></opt/local/share/texmf-texlive/fonts/type1/public/amsfonts/
cm/cmti9.pfb></opt/local/share/texmf-texlive/fonts/type1/public/amsfonts/cm/cmt
t10.pfb></opt/local/share/texmf-texlive/fonts/type1/public/amsfonts/cm/cmtt9.pf
b>
Output written on aasguide.pdf (14 pages, 226367 bytes).
PDF statistics:
 106 PDF objects out of 1000 (max. 8388607)
 75 compressed objects within 1 object stream
 0 named destinations out of 1000 (max. 500000)
 1 words of extra memory for PDF output out of 10000 (max. 10000000)

